c:\users\mat\documents\github\thomas\thomas\thomasthegameengine\thomasthegameengine\debug\vc120.pdb
c:\users\mat\documents\github\thomas\thomas\thomasthegameengine\thomasthegameengine\debug\vc120.idb
c:\users\mat\documents\github\thomas\thomas\thomasthegameengine\thomasthegameengine\debug\ray.obj
c:\users\mat\documents\github\thomas\thomas\thomasthegameengine\thomasthegameengine\debug\renderablecomponent.obj
c:\users\mat\documents\github\thomas\thomas\thomasthegameengine\thomasthegameengine\debug\game.obj
c:\users\mat\documents\github\thomas\thomas\thomasthegameengine\thomasthegameengine\debug\gameobject.obj
c:\users\mat\documents\github\thomas\thomas\thomasthegameengine\thomasthegameengine\debug\gameproperties.obj
c:\users\mat\documents\github\thomas\thomas\thomasthegameengine\thomasthegameengine\debug\level.obj
c:\users\mat\documents\github\thomas\thomas\thomasthegameengine\thomasthegameengine\debug\loadshaders.obj
c:\users\mat\documents\github\thomas\thomas\thomasthegameengine\thomasthegameengine\debug\modelmanager.obj
c:\users\mat\documents\github\thomas\thomas\thomasthegameengine\thomasthegameengine\debug\music.obj
c:\users\mat\documents\github\thomas\thomas\thomasthegameengine\thomasthegameengine\debug\renderable.obj
c:\users\mat\documents\github\thomas\thomas\thomasthegameengine\thomasthegameengine\debug\rigidbody.obj
c:\users\mat\documents\github\thomas\thomas\thomasthegameengine\thomasthegameengine\debug\shader.obj
c:\users\mat\documents\github\thomas\thomas\thomasthegameengine\thomasthegameengine\debug\sound.obj
c:\users\mat\documents\github\thomas\thomas\thomasthegameengine\thomasthegameengine\debug\states.obj
c:\users\mat\documents\github\thomas\thomas\thomasthegameengine\thomasthegameengine\debug\textbutton.obj
c:\users\mat\documents\github\thomas\thomas\thomasthegameengine\thomasthegameengine\debug\textsprite.obj
c:\users\mat\documents\github\thomas\thomas\thomasthegameengine\thomasthegameengine\debug\texture.obj
c:\users\mat\documents\github\thomas\thomas\thomasthegameengine\thomasthegameengine\debug\time.obj
c:\users\mat\documents\github\thomas\thomas\thomasthegameengine\thomasthegameengine\debug\timer.obj
c:\users\mat\documents\github\thomas\thomas\thomasthegameengine\thomasthegameengine\debug\random.obj
c:\users\mat\documents\github\thomas\thomas\thomasthegameengine\thomasthegameengine\debug\component.obj
c:\users\mat\documents\github\thomas\thomas\thomasthegameengine\thomasthegameengine\debug\tinyxml2.obj
c:\users\mat\documents\github\thomas\thomas\thomasthegameengine\thomasthegameengine\debug\fontmanager.obj
c:\users\mat\documents\github\thomas\thomas\thomasthegameengine\thomasthegameengine\debug\flipbook.obj
c:\users\mat\documents\github\thomas\thomas\thomasthegameengine\thomasthegameengine\debug\frustrum.obj
c:\users\mat\documents\github\thomas\thomas\thomasthegameengine\thomasthegameengine\debug\guielement.obj
c:\users\mat\documents\github\thomas\thomas\thomasthegameengine\thomasthegameengine\debug\guihandler.obj
c:\users\mat\documents\github\thomas\thomas\thomasthegameengine\thomasthegameengine\debug\guiimage.obj
c:\users\mat\documents\github\thomas\thomas\thomasthegameengine\thomasthegameengine\debug\inputhandler.obj
c:\users\mat\documents\github\thomas\thomas\thomasthegameengine\thomasthegameengine\debug\label.obj
c:\users\mat\documents\github\thomas\thomas\thomasthegameengine\thomasthegameengine\debug\light.obj
c:\users\mat\documents\github\thomas\thomas\thomasthegameengine\thomasthegameengine\debug\lightmanager.obj
c:\users\mat\documents\github\thomas\thomas\thomasthegameengine\thomasthegameengine\debug\logs.obj
c:\users\mat\documents\github\thomas\thomas\thomasthegameengine\thomasthegameengine\debug\material.obj
c:\users\mat\documents\github\thomas\thomas\thomasthegameengine\thomasthegameengine\debug\multilinelabel.obj
c:\users\mat\documents\github\thomas\thomas\thomasthegameengine\thomasthegameengine\debug\multilinetextsprite.obj
c:\users\mat\documents\github\thomas\thomas\thomasthegameengine\thomasthegameengine\debug\noise.obj
c:\users\mat\documents\github\thomas\thomas\thomasthegameengine\thomasthegameengine\debug\particle.obj
c:\users\mat\documents\github\thomas\thomas\thomasthegameengine\thomasthegameengine\debug\particlesystem.obj
c:\users\mat\documents\github\thomas\thomas\thomasthegameengine\thomasthegameengine\debug\physicsworld.obj
c:\users\mat\documents\github\thomas\thomas\thomasthegameengine\thomasthegameengine\debug\four_dimensions.obj
c:\users\mat\documents\github\thomas\thomas\thomasthegameengine\thomasthegameengine\debug\plane.obj
c:\users\mat\documents\github\thomas\thomas\thomasthegameengine\thomasthegameengine\debug\three_dimensions.obj
c:\users\mat\documents\github\thomas\thomas\thomasthegameengine\thomasthegameengine\debug\two_dimensions.obj
c:\users\mat\documents\github\thomas\thomas\thomasthegameengine\thomasthegameengine\debug\audiomanager.obj
c:\users\mat\documents\github\thomas\thomas\thomasthegameengine\thomasthegameengine\debug\billboard.obj
c:\users\mat\documents\github\thomas\thomas\thomasthegameengine\thomasthegameengine\debug\button.obj
c:\users\mat\documents\github\thomas\thomas\thomasthegameengine\thomasthegameengine\debug\camera.obj
c:\users\mat\documents\github\thomas\thomas\thomasthegameengine\thomasthegameengine\debug\collider.obj
c:\users\mat\documents\github\thomas\thomas\thomasthegameengine\thomasthegameengine\debug\colour.obj
c:\users\mat\documents\github\thomas\thomas\thomasthegameengine\debug\thomasthegameengine.lib
c:\users\mat\documents\github\thomas\thomas\thomasthegameengine\thomasthegameengine\debug\thomasth.fbb68591.tlog\cl.command.1.tlog
c:\users\mat\documents\github\thomas\thomas\thomasthegameengine\thomasthegameengine\debug\thomasth.fbb68591.tlog\cl.read.1.tlog
c:\users\mat\documents\github\thomas\thomas\thomasthegameengine\thomasthegameengine\debug\thomasth.fbb68591.tlog\cl.write.1.tlog
c:\users\mat\documents\github\thomas\thomas\thomasthegameengine\thomasthegameengine\debug\thomasth.fbb68591.tlog\lib-link.read.1.tlog
c:\users\mat\documents\github\thomas\thomas\thomasthegameengine\thomasthegameengine\debug\thomasth.fbb68591.tlog\lib-link.write.1.tlog
c:\users\mat\documents\github\thomas\thomas\thomasthegameengine\thomasthegameengine\debug\thomasth.fbb68591.tlog\lib.command.1.tlog
