c:\users\mat\documents\github\thomas\thomas\thomasthegameengine\divine intervention y\debug\vc120.pdb
c:\users\mat\documents\github\thomas\thomas\thomasthegameengine\divine intervention y\debug\vc120.idb
c:\users\mat\documents\github\thomas\thomas\thomasthegameengine\divine intervention y\debug\editor_level.obj
c:\users\mat\documents\github\thomas\thomas\thomasthegameengine\divine intervention y\debug\focuscamera.obj
c:\users\mat\documents\github\thomas\thomas\thomasthegameengine\divine intervention y\debug\galaxymap.obj
c:\users\mat\documents\github\thomas\thomas\thomasthegameengine\divine intervention y\debug\gamecamera.obj
c:\users\mat\documents\github\thomas\thomas\thomasthegameengine\divine intervention y\debug\landingscreen.obj
c:\users\mat\documents\github\thomas\thomas\thomasthegameengine\divine intervention y\debug\landing_gui.obj
c:\users\mat\documents\github\thomas\thomas\thomasthegameengine\divine intervention y\debug\layer.obj
c:\users\mat\documents\github\thomas\thomas\thomasthegameengine\divine intervention y\debug\levelselectbutton.obj
c:\users\mat\documents\github\thomas\thomas\thomasthegameengine\divine intervention y\debug\main.obj
c:\users\mat\documents\github\thomas\thomas\thomasthegameengine\divine intervention y\debug\obstacles.obj
c:\users\mat\documents\github\thomas\thomas\thomasthegameengine\divine intervention y\debug\planet.obj
c:\users\mat\documents\github\thomas\thomas\thomasthegameengine\divine intervention y\debug\playerball.obj
c:\users\mat\documents\github\thomas\thomas\thomasthegameengine\divine intervention y\debug\pointer.obj
c:\users\mat\documents\github\thomas\thomas\thomasthegameengine\divine intervention y\debug\popup.obj
c:\users\mat\documents\github\thomas\thomas\thomasthegameengine\divine intervention y\debug\selectbutton.obj
c:\users\mat\documents\github\thomas\thomas\thomasthegameengine\divine intervention y\debug\splashscreen.obj
c:\users\mat\documents\github\thomas\thomas\thomasthegameengine\divine intervention y\debug\sun.obj
c:\users\mat\documents\github\thomas\thomas\thomasthegameengine\divine intervention y\debug\swarm.obj
c:\users\mat\documents\github\thomas\thomas\thomasthegameengine\divine intervention y\debug\warpgate.obj
c:\users\mat\documents\github\thomas\thomas\thomasthegameengine\divine intervention y\debug\wormhole.obj
c:\users\mat\documents\github\thomas\thomas\thomasthegameengine\divine intervention y\debug\alien.obj
c:\users\mat\documents\github\thomas\thomas\thomasthegameengine\divine intervention y\debug\node.obj
c:\users\mat\documents\github\thomas\thomas\thomasthegameengine\divine intervention y\debug\asteroidfield.obj
c:\users\mat\documents\github\thomas\thomas\thomasthegameengine\divine intervention y\debug\diy_game.obj
c:\users\mat\documents\github\thomas\thomas\thomasthegameengine\divine intervention y\debug\diy_level.obj
c:\users\mat\documents\github\thomas\thomas\thomasthegameengine\divine intervention y\debug\diy_level_gui.obj
c:\users\mat\documents\github\thomas\thomas\thomasthegameengine\debug\divine intervention y.ilk
c:\users\mat\documents\github\thomas\thomas\thomasthegameengine\debug\divine intervention y.exe
c:\users\mat\documents\github\thomas\thomas\thomasthegameengine\debug\divine intervention y.pdb
c:\users\mat\documents\github\thomas\thomas\thomasthegameengine\divine intervention y\debug\divine i.0df7d2d3.tlog\cl.command.1.tlog
c:\users\mat\documents\github\thomas\thomas\thomasthegameengine\divine intervention y\debug\divine i.0df7d2d3.tlog\cl.read.1.tlog
c:\users\mat\documents\github\thomas\thomas\thomasthegameengine\divine intervention y\debug\divine i.0df7d2d3.tlog\cl.write.1.tlog
c:\users\mat\documents\github\thomas\thomas\thomasthegameengine\divine intervention y\debug\divine i.0df7d2d3.tlog\link.command.1.tlog
c:\users\mat\documents\github\thomas\thomas\thomasthegameengine\divine intervention y\debug\divine i.0df7d2d3.tlog\link.read.1.tlog
c:\users\mat\documents\github\thomas\thomas\thomasthegameengine\divine intervention y\debug\divine i.0df7d2d3.tlog\link.write.1.tlog
